#
# There is insufficient memory for the Java Runtime Environment to continue.
# Native memory allocation (mmap) failed to map 536870912 bytes for G1 virtual space
# Possible reasons:
#   The system is out of physical RAM or swap space
#   The process is running with CompressedOops enabled, and the Java Heap may be blocking the growth of the native heap
# Possible solutions:
#   Reduce memory load on the system
#   Increase physical memory or swap space
#   Check if swap backing store is full
#   Decrease Java heap size (-Xmx/-Xms)
#   Decrease number of Java threads
#   Decrease Java thread stack sizes (-Xss)
#   Set larger code cache with -XX:ReservedCodeCacheSize=
#   JVM is running with Zero Based Compressed Oops mode in which the Java heap is
#     placed in the first 32GB address space. The Java Heap base address is the
#     maximum limit for the native heap growth. Please use -XX:HeapBaseMinAddress
#     to set the Java Heap base and to place the Java Heap above 32GB virtual address.
# This output file may be truncated or incomplete.
#
#  Out of Memory Error (os_windows.cpp:3771), pid=18116, tid=7244
#
# JRE version:  (17.0.7+7) (build )
# Java VM: OpenJDK 64-Bit Server VM (17.0.7+7-b1000.6, mixed mode, sharing, tiered, compressed oops, compressed class ptrs, g1 gc, windows-amd64)
# No core dump will be written. Minidumps are not enabled by default on client versions of Windows
#

---------------  S U M M A R Y ------------

Command Line: git4idea.http.GitAskPassApp Username for 'https://github.com': 

Host: Intel(R) Core(TM) i7-10875H CPU @ 2.30GHz, 16 cores, 31G,  Windows 11 , 64 bit Build 22621 (10.0.22621.3374)
Time: Sun Apr 28 14:38:08 2024  Windows 11 , 64 bit Build 22621 (10.0.22621.3374) elapsed time: 0.010931 seconds (0d 0h 0m 0s)

---------------  T H R E A D  ---------------

Current thread (0x000001f24b3423f0):  JavaThread "Unknown thread" [_thread_in_vm, id=7244, stack(0x000000e771600000,0x000000e771700000)]

Stack: [0x000000e771600000,0x000000e771700000]
Native frames: (J=compiled Java code, j=interpreted, Vv=VM code, C=native code)
V  [jvm.dll+0x683bfa]
V  [jvm.dll+0x8430a4]
V  [jvm.dll+0x8449be]
V  [jvm.dll+0x845023]
V  [jvm.dll+0x24ad2f]
V  [jvm.dll+0x680ac9]
V  [jvm.dll+0x67519a]
V  [jvm.dll+0x30b3cb]
V  [jvm.dll+0x312876]
V  [jvm.dll+0x36221e]
V  [jvm.dll+0x36244f]
V  [jvm.dll+0x2e14a8]
V  [jvm.dll+0x2e2414]
V  [jvm.dll+0x814391]
V  [jvm.dll+0x36ffe1]
V  [jvm.dll+0x7f396c]
V  [jvm.dll+0x3f305f]
V  [jvm.dll+0x3f4b91]
C  [jli.dll+0x528f]
C  [ucrtbase.dll+0x29333]
C  [KERNEL32.DLL+0x1257d]
C  [ntdll.dll+0x5aa48]


---------------  P R O C E S S  ---------------

Threads class SMR info:
_java_thread_list=0x00007ffdf78ad098, length=0, elements={
}

Java Threads: ( => current thread )

Other Threads:
  0x000001f24b3f0560 GCTaskThread "GC Thread#0" [stack: 0x000000e771700000,0x000000e771800000] [id=33540]
  0x000001f2712e8020 ConcurrentGCThread "G1 Main Marker" [stack: 0x000000e771800000,0x000000e771900000] [id=28292]
  0x000001f2712e8a30 ConcurrentGCThread "G1 Conc#0" [stack: 0x000000e771900000,0x000000e771a00000] [id=5908]

[error occurred during error reporting (printing all threads), id 0xc0000005, EXCEPTION_ACCESS_VIOLATION (0xc0000005) at pc=0x00007ffdf7062087]

VM state: not at safepoint (not fully initialized)

VM Mutex/Monitor currently owned by a thread:  ([mutex/lock_event])
[0x000001f24b33df20] Heap_lock - owner thread: 0x000001f24b3423f0

Heap address: 0x0000000602000000, size: 8160 MB, Compressed Oops mode: Zero based, Oop shift amount: 3

CDS archive(s) mapped at: [0x0000000000000000-0x0000000000000000-0x0000000000000000), size 0, SharedBaseAddress: 0x0000000800000000, ArchiveRelocationMode: 0.
Narrow klass base: 0x0000000000000000, Narrow klass shift: 0, Narrow klass range: 0x0

GC Precious Log:
<Empty>

Heap:
 garbage-first heap   total 0K, used 0K [0x0000000602000000, 0x0000000800000000)
  region size 4096K, 0 young (0K), 0 survivors (0K)
 Metaspace       used 0K, committed 0K, reserved 0K
  class space    used 0K, committed 0K, reserved 0K

Heap Regions: E=young(eden), S=young(survivor), O=old, HS=humongous(starts), HC=humongous(continues), CS=collection set, F=free, OA=open archive, CA=closed archive, TAMS=top-at-mark-start (previous, next)

Card table byte_map: [0x000001f25f330000,0x000001f260320000] _byte_map_base: 0x000001f25c320000

Marking Bits (Prev, Next): (CMBitMap*) 0x000001f24b3f0b70, (CMBitMap*) 0x000001f24b3f0bb0
 Prev Bits: [0x000001f261310000, 0x000001f269290000)
 Next Bits: [0x000001f269290000, 0x000001f271210000)

GC Heap History (0 events):
No events

Dll operation events (1 events):
Event: 0.007 Loaded shared library D:\idea\IntelliJ IDEA 2023.2\jbr\bin\java.dll

Deoptimization events (0 events):
No events

Classes unloaded (0 events):
No events

Classes redefined (0 events):
No events

Internal exceptions (0 events):
No events

VM Operations (0 events):
No events

Events (0 events):
No events


Dynamic libraries:
0x00007ff78fb10000 - 0x00007ff78fb1a000 	D:\idea\IntelliJ IDEA 2023.2\jbr\bin\java.exe
0x00007ffece990000 - 0x00007ffeceba6000 	C:\WINDOWS\SYSTEM32\ntdll.dll
0x00007ffece460000 - 0x00007ffece524000 	C:\WINDOWS\System32\KERNEL32.DLL
0x00007ffecc080000 - 0x00007ffecc427000 	C:\WINDOWS\System32\KERNELBASE.dll
0x00007ffecbf30000 - 0x00007ffecc041000 	C:\WINDOWS\System32\ucrtbase.dll
0x00007ffeb2cc0000 - 0x00007ffeb2cd7000 	D:\idea\IntelliJ IDEA 2023.2\jbr\bin\jli.dll
0x00007ffea2cc0000 - 0x00007ffea2cdb000 	D:\idea\IntelliJ IDEA 2023.2\jbr\bin\VCRUNTIME140.dll
0x00007ffecda50000 - 0x00007ffecdbfe000 	C:\WINDOWS\System32\USER32.dll
0x00007ffecc550000 - 0x00007ffecc576000 	C:\WINDOWS\System32\win32u.dll
0x00007ffecdcc0000 - 0x00007ffecdce9000 	C:\WINDOWS\System32\GDI32.dll
0x00007ffeb6da0000 - 0x00007ffeb7033000 	C:\WINDOWS\WinSxS\amd64_microsoft.windows.common-controls_6595b64144ccf1df_6.0.22621.3235_none_270f74e173860f98\COMCTL32.dll
0x00007ffecc430000 - 0x00007ffecc549000 	C:\WINDOWS\System32\gdi32full.dll
0x00007ffecdcf0000 - 0x00007ffecdd97000 	C:\WINDOWS\System32\msvcrt.dll
0x00007ffecbe90000 - 0x00007ffecbf2a000 	C:\WINDOWS\System32\msvcp_win.dll
0x00007ffecc7c0000 - 0x00007ffecc7f1000 	C:\WINDOWS\System32\IMM32.DLL
0x00007ffec6c30000 - 0x00007ffec6c3c000 	D:\idea\IntelliJ IDEA 2023.2\jbr\bin\vcruntime140_1.dll
0x00007ffe8d380000 - 0x00007ffe8d40d000 	D:\idea\IntelliJ IDEA 2023.2\jbr\bin\msvcp140.dll
0x00007ffdf6d70000 - 0x00007ffdf79f0000 	D:\idea\IntelliJ IDEA 2023.2\jbr\bin\server\jvm.dll
0x00007ffecdc00000 - 0x00007ffecdcb2000 	C:\WINDOWS\System32\ADVAPI32.dll
0x00007ffecdda0000 - 0x00007ffecde48000 	C:\WINDOWS\System32\sechost.dll
0x00007ffecc050000 - 0x00007ffecc078000 	C:\WINDOWS\System32\bcrypt.dll
0x00007ffece530000 - 0x00007ffece645000 	C:\WINDOWS\System32\RPCRT4.dll
0x00007ffec0e00000 - 0x00007ffec0e09000 	C:\WINDOWS\SYSTEM32\WSOCK32.dll
0x00007ffeba790000 - 0x00007ffeba7c4000 	C:\WINDOWS\SYSTEM32\WINMM.dll
0x00007ffec2220000 - 0x00007ffec222a000 	C:\WINDOWS\SYSTEM32\VERSION.dll
0x00007ffece8c0000 - 0x00007ffece931000 	C:\WINDOWS\System32\WS2_32.dll
0x00007ffecada0000 - 0x00007ffecadb8000 	C:\WINDOWS\SYSTEM32\kernel.appcore.dll
0x00007ffeb6b70000 - 0x00007ffeb6b7a000 	D:\idea\IntelliJ IDEA 2023.2\jbr\bin\jimage.dll
0x00007ffec94a0000 - 0x00007ffec96d3000 	C:\WINDOWS\SYSTEM32\DBGHELP.DLL
0x00007ffece0d0000 - 0x00007ffece458000 	C:\WINDOWS\System32\combase.dll
0x00007ffecdfe0000 - 0x00007ffece0b7000 	C:\WINDOWS\System32\OLEAUT32.dll
0x00007ffea9700000 - 0x00007ffea9732000 	C:\WINDOWS\SYSTEM32\dbgcore.DLL
0x00007ffecc640000 - 0x00007ffecc6b9000 	C:\WINDOWS\System32\bcryptPrimitives.dll
0x00007ffeb1090000 - 0x00007ffeb10b5000 	D:\idea\IntelliJ IDEA 2023.2\jbr\bin\java.dll

dbghelp: loaded successfully - version: 4.0.5 - missing functions: none
symbol engine: initialized successfully - sym options: 0x614 - pdb path: .;D:\idea\IntelliJ IDEA 2023.2\jbr\bin;C:\WINDOWS\SYSTEM32;C:\WINDOWS\WinSxS\amd64_microsoft.windows.common-controls_6595b64144ccf1df_6.0.22621.3235_none_270f74e173860f98;D:\idea\IntelliJ IDEA 2023.2\jbr\bin\server

VM Arguments:
java_command: git4idea.http.GitAskPassApp Username for 'https://github.com': 
java_class_path (initial): D:/idea/IntelliJ IDEA 2023.2/plugins/vcs-git/lib/git4idea-rt.jar;D:/idea/IntelliJ IDEA 2023.2/lib/externalProcess-rt.jar
Launcher Type: SUN_STANDARD

[Global flags]
     intx CICompilerCount                          = 12                                        {product} {ergonomic}
     uint ConcGCThreads                            = 3                                         {product} {ergonomic}
     uint G1ConcRefinementThreads                  = 13                                        {product} {ergonomic}
   size_t G1HeapRegionSize                         = 4194304                                   {product} {ergonomic}
    uintx GCDrainStackTargetSize                   = 64                                        {product} {ergonomic}
   size_t InitialHeapSize                          = 536870912                                 {product} {ergonomic}
   size_t MarkStackSize                            = 4194304                                   {product} {ergonomic}
   size_t MaxHeapSize                              = 8556380160                                {product} {ergonomic}
   size_t MinHeapDeltaBytes                        = 4194304                                   {product} {ergonomic}
   size_t MinHeapSize                              = 8388608                                   {product} {ergonomic}
    uintx NonNMethodCodeHeapSize                   = 7602480                                {pd product} {ergonomic}
    uintx NonProfiledCodeHeapSize                  = 122027880                              {pd product} {ergonomic}
    uintx ProfiledCodeHeapSize                     = 122027880                              {pd product} {ergonomic}
    uintx ReservedCodeCacheSize                    = 251658240                              {pd product} {ergonomic}
     bool SegmentedCodeCache                       = true                                      {product} {ergonomic}
   size_t SoftMaxHeapSize                          = 8556380160                             {manageable} {ergonomic}
     bool UseCompressedClassPointers               = true                           {product lp64_product} {ergonomic}
     bool UseCompressedOops                        = true                           {product lp64_product} {ergonomic}
     bool UseG1GC                                  = true                                      {product} {ergonomic}
     bool UseLargePagesIndividualAllocation        = false                                  {pd product} {ergonomic}

Logging:
Log output configuration:
 #0: stdout all=warning uptime,level,tags
 #1: stderr all=off uptime,level,tags

Environment Variables:
JAVA_HOME=D:\Java\jdk-17.0.2
CLASSPATH=.;
PATH=D:\Git\mingw64\libexec\git-core;D:\Git\mingw64\libexec\git-core;D:\Git\mingw64\bin;D:\Git\usr\bin;C:\Users\Alan\bin;D:\apache-tomcat-9.0.65\bin;D:\Workstation\bin;C:\Program Files\Common Files\Oracle\Java\javapath;C:\Program Files (x86)\Common Files\Oracle\Java\javapath;C:\Windows\system32;C:\Windows;C:\Windows\System32\Wbem;C:\Windows\System32\WindowsPowerShell\v1.0;C:\Windows\System32\OpenSSH;C:\Program Files (x86)\NVIDIA Corporation\PhysX\Common;C:\Program Files\NVIDIA Corporation\NVIDIA NvDLISR;C:\WINDOWS\system32;C:\WINDOWS;C:\WINDOWS\System32\Wbem;C:\WINDOWS\System32\WindowsPowerShell\v1.0;C:\WINDOWS\System32\OpenSSH;C:\Program Files\Microsoft SQL Server\150\Tools\Binn;C:\Program Files\Microsoft SQL Server\110\DTS\Binn;C:\Program Files (x86)\Microsoft SQL Server\110\Tools\Binn;C:\Program Files\Microsoft SQL Server\110\Tools\Binn;C:\Program Files (x86)\Microsoft SQL Server\110\Tools\Binn\ManagementStudio;C:\Program Files (x86)\Microsoft Visual Studio 10.0\Common7\IDE\PrivateAssemblies;C:\Program Files (x86)\Microsoft SQL Server\110\DTS\Binn;D:\Java\jdk-17.0.2\bin£º;.;D:\Git\Program Files\Java\jdk-10.0.1\bin;D:\Git\cmd;D:\redis;D:\python;C:\Program Files\Pandoc;C:\WINDOWS\system32;C:\WINDOWS;C:\WINDOWS\System32\Wbem;C:\WINDOWS\System32\WindowsPowerShell\v1.0;C:\WINDOWS\System32\OpenSSH;D:\apache-maven-3.6.3\bin;C:\Program Files\Docker\Docker\resources\bin;C:\Program Files\dotnet;D:\nvm;D:\nodejs;D:\nvm\node_global\node_modules;E:\Xftp;E:\Xshell;D:\python3.7\Scripts;D:\python3.7;D:\python3.8\Scripts;D:\python3.8;D:\apache-tomcat-9.0.65\bin;D:\python\Scripts;D:\python;C:\Users\Alan\AppData\Local\Microsoft\WindowsApps;D:\mysql\mysql-8.0.31-winx64\bin;D:\pycharrm\PyCharm 2023.1.2\bin;D:\WebStorm 2023.2.1\bin;D:\idea\IntelliJ IDEA 2023.2\bin;C:\Users\Alan\AppData\Local\GitHubDesktop\bin;D:\nvm;D:\nodejs;D:\nvm\node_global
USERNAME=Alan
DISPLAY=:0.0
LC_ALL=en_US.UTF-8
TERM=xterm-256color
TMPDIR=C:\Users\Alan\AppData\Local\Temp
OS=Windows_NT
PROCESSOR_IDENTIFIER=Intel64 Family 6 Model 165 Stepping 2, GenuineIntel
TMP=C:\Users\Alan\AppData\Local\Temp
TEMP=C:\Users\Alan\AppData\Local\Temp


JNI global refs:
JNI global refs: 0, weak refs: 0

JNI global refs memory usage: 0, weak refs: 0

OOME stack traces (most recent first):
Classloader memory used:


---------------  S Y S T E M  ---------------

OS:
 Windows 11 , 64 bit Build 22621 (10.0.22621.3374)
OS uptime: 4 days 5:56 hours
Hyper-V role detected

CPU: total 16 (initial active 16) (8 cores per cpu, 2 threads per core) family 6 model 165 stepping 2 microcode 0xe0, cx8, cmov, fxsr, ht, mmx, 3dnowpref, sse, sse2, sse3, ssse3, sse4.1, sse4.2, popcnt, lzcnt, tsc, tscinvbit, avx, avx2, aes, erms, clmul, bmi1, bmi2, adx, fma, vzeroupper, clflush, clflushopt, hv

Memory: 4k page, system-wide physical 32634M (10858M free)
TotalPageFile size 128970M (AvailPageFile size 202M)
current process WorkingSet (physical memory assigned to process): 12M, peak: 12M
current process commit charge ("private bytes"): 71M, peak: 583M

vm_info: OpenJDK 64-Bit Server VM (17.0.7+7-b1000.6) for windows-amd64 JRE (17.0.7+7-b1000.6), built on 2023-07-07 by "builduser" with MS VC++ 16.10 / 16.11 (VS2019)

END.
